<?xml version="1.0" encoding="UTF-8"?>
<!-- Generated by org.testng.reporters.JUnitXMLReporter -->
<testsuite hostname="user-PC" ignored="5" name="Default test" tests="1" failures="0" timestamp="23 Feb 2022 02:39:34 GMT" time="0.165" errors="0">
  <testcase name="b1" time="0.05" classname="testng_suites.Grouping"/>
  <testcase name="f1" time="0.0" classname="testng_suites.Grouping">
    <ignored/>
  </testcase> <!-- f1 -->
  <testcase name="c1" time="0.0" classname="testng_suites.Grouping">
    <ignored/>
  </testcase> <!-- c1 -->
  <testcase name="e1" time="0.0" classname="testng_suites.Grouping">
    <ignored/>
  </testcase> <!-- e1 -->
  <testcase name="d1" time="0.0" classname="testng_suites.Grouping">
    <ignored/>
  </testcase> <!-- d1 -->
  <testcase name="a1" time="0.0" classname="testng_suites.Grouping">
    <ignored/>
  </testcase> <!-- a1 -->
</testsuite> <!-- Default test -->
