<?xml version="1.0" encoding="UTF-8"?>
<!-- Generated by org.testng.reporters.JUnitXMLReporter -->
<testsuite hostname="user-PC" ignored="8" name="Test" tests="4" failures="0" timestamp="23 Feb 2022 02:30:22 GMT" time="0.237" errors="0">
  <testcase name="b1" time="0.053" classname="testng_suites.Grouping"/>
  <testcase name="f1" time="0.007" classname="testng_suites.Grouping"/>
  <testcase name="m1" time="0.017" classname="testng_suites.Grouping2"/>
  <testcase name="o1" time="0.005" classname="testng_suites.Grouping2"/>
  <testcase name="z1" time="0.0" classname="testng_suites.Grouping2">
    <ignored/>
  </testcase> <!-- z1 -->
  <testcase name="x1" time="0.0" classname="testng_suites.Grouping2">
    <ignored/>
  </testcase> <!-- x1 -->
  <testcase name="c1" time="0.0" classname="testng_suites.Grouping">
    <ignored/>
  </testcase> <!-- c1 -->
  <testcase name="e1" time="0.0" classname="testng_suites.Grouping">
    <ignored/>
  </testcase> <!-- e1 -->
  <testcase name="d1" time="0.0" classname="testng_suites.Grouping">
    <ignored/>
  </testcase> <!-- d1 -->
  <testcase name="a1" time="0.0" classname="testng_suites.Grouping">
    <ignored/>
  </testcase> <!-- a1 -->
  <testcase name="n1" time="0.0" classname="testng_suites.Grouping2">
    <ignored/>
  </testcase> <!-- n1 -->
  <testcase name="l1" time="0.0" classname="testng_suites.Grouping2">
    <ignored/>
  </testcase> <!-- l1 -->
</testsuite> <!-- Test -->
