<?xml version="1.0" encoding="UTF-8"?>
<!-- Generated by org.testng.reporters.JUnitXMLReporter -->
<testsuite hostname="user-PC" ignored="1" name="Test(failed)" tests="1" failures="0" timestamp="22 Feb 2022 02:59:52 GMT" time="22.767" errors="0">
  <testcase name="forgottenAccountLink" time="6.387" classname="parallel_execution.LoginTest"/>
  <testcase name="fbLogin" time="0.0" classname="parallel_execution.LoginTest">
    <ignored/>
  </testcase> <!-- fbLogin -->
</testsuite> <!-- Test(failed) -->
