<?xml version="1.0" encoding="UTF-8"?>
<!-- Generated by org.testng.reporters.JUnitXMLReporter -->
<testsuite hostname="user-PC" ignored="12" name="GRP-Low" tests="6" failures="0" timestamp="23 Feb 2022 02:27:19 GMT" time="0.252" errors="0">
  <testcase name="c1" time="0.058" classname="testng_annotations.Grouping"/>
  <testcase name="e1" time="0.011" classname="testng_annotations.Grouping"/>
  <testcase name="n1" time="0.006" classname="testng_suites.Grouping2"/>
  <testcase name="z1" time="0.014" classname="testng_suites.Grouping2"/>
  <testcase name="c1" time="0.006" classname="testng_suites.Grouping"/>
  <testcase name="e1" time="0.005" classname="testng_suites.Grouping"/>
  <testcase name="x1" time="0.0" classname="testng_suites.Grouping2">
    <ignored/>
  </testcase> <!-- x1 -->
  <testcase name="f1" time="0.0" classname="testng_suites.Grouping">
    <ignored/>
  </testcase> <!-- f1 -->
  <testcase name="a1" time="0.0" classname="testng_annotations.Grouping">
    <ignored/>
  </testcase> <!-- a1 -->
  <testcase name="b1" time="0.0" classname="testng_suites.Grouping">
    <ignored/>
  </testcase> <!-- b1 -->
  <testcase name="b1" time="0.0" classname="testng_annotations.Grouping">
    <ignored/>
  </testcase> <!-- b1 -->
  <testcase name="d1" time="0.0" classname="testng_suites.Grouping">
    <ignored/>
  </testcase> <!-- d1 -->
  <testcase name="d1" time="0.0" classname="testng_annotations.Grouping">
    <ignored/>
  </testcase> <!-- d1 -->
  <testcase name="o1" time="0.0" classname="testng_suites.Grouping2">
    <ignored/>
  </testcase> <!-- o1 -->
  <testcase name="a1" time="0.0" classname="testng_suites.Grouping">
    <ignored/>
  </testcase> <!-- a1 -->
  <testcase name="f1" time="0.0" classname="testng_annotations.Grouping">
    <ignored/>
  </testcase> <!-- f1 -->
  <testcase name="m1" time="0.0" classname="testng_suites.Grouping2">
    <ignored/>
  </testcase> <!-- m1 -->
  <testcase name="l1" time="0.0" classname="testng_suites.Grouping2">
    <ignored/>
  </testcase> <!-- l1 -->
</testsuite> <!-- GRP-Low -->
