<?xml version="1.0" encoding="UTF-8"?>
<!-- Generated by org.testng.reporters.JUnitXMLReporter -->
<testsuite hostname="user-PC" ignored="10" name="GRP-Medium" tests="16" failures="0" timestamp="23 Feb 2022 02:25:19 GMT" time="0.533" errors="0">
  <testcase name="a1" time="0.055" classname="testng_annotations.Grouping"/>
  <testcase name="f1" time="0.006" classname="testng_annotations.Grouping"/>
  <testcase name="f1" time="0.009" classname="testng_suites.Grouping2"/>
  <testcase name="m1" time="0.02" classname="testng_suites.Grouping2"/>
  <testcase name="a1" time="0.009" classname="testng_suites.Grouping"/>
  <testcase name="f1" time="0.005" classname="testng_suites.Grouping"/>
  <testcase name="b1" time="0.03" classname="testng_annotations.Grouping"/>
  <testcase name="b1" time="0.016" classname="testng_annotations.Grouping"/>
  <testcase name="b1" time="0.008" classname="testng_annotations.Grouping"/>
  <testcase name="b1" time="0.015" classname="testng_annotations.Grouping"/>
  <testcase name="b1" time="0.004" classname="testng_annotations.Grouping"/>
  <testcase name="b1" time="0.005" classname="testng_suites.Grouping"/>
  <testcase name="b1" time="0.005" classname="testng_suites.Grouping"/>
  <testcase name="b1" time="0.009" classname="testng_suites.Grouping"/>
  <testcase name="b1" time="0.004" classname="testng_suites.Grouping"/>
  <testcase name="b1" time="0.008" classname="testng_suites.Grouping"/>
  <testcase name="z1" time="0.0" classname="testng_suites.Grouping2">
    <ignored/>
  </testcase> <!-- z1 -->
  <testcase name="x1" time="0.0" classname="testng_suites.Grouping2">
    <ignored/>
  </testcase> <!-- x1 -->
  <testcase name="c1" time="0.0" classname="testng_suites.Grouping">
    <ignored/>
  </testcase> <!-- c1 -->
  <testcase name="e1" time="0.0" classname="testng_suites.Grouping">
    <ignored/>
  </testcase> <!-- e1 -->
  <testcase name="c1" time="0.0" classname="testng_annotations.Grouping">
    <ignored/>
  </testcase> <!-- c1 -->
  <testcase name="e1" time="0.0" classname="testng_annotations.Grouping">
    <ignored/>
  </testcase> <!-- e1 -->
  <testcase name="d1" time="0.0" classname="testng_suites.Grouping">
    <ignored/>
  </testcase> <!-- d1 -->
  <testcase name="d1" time="0.0" classname="testng_annotations.Grouping">
    <ignored/>
  </testcase> <!-- d1 -->
  <testcase name="n1" time="0.0" classname="testng_suites.Grouping2">
    <ignored/>
  </testcase> <!-- n1 -->
  <testcase name="l1" time="0.0" classname="testng_suites.Grouping2">
    <ignored/>
  </testcase> <!-- l1 -->
</testsuite> <!-- GRP-Medium -->
