<?xml version="1.0" encoding="UTF-8"?>
<!-- Generated by org.testng.reporters.JUnitXMLReporter -->
<testsuite hostname="user-PC" ignored="4" name="GRP-High" tests="2" failures="0" timestamp="20 Feb 2022 14:41:23 GMT" time="0.184" errors="0">
  <testcase name="a1" time="0.073" classname="testng_annotations.Grouping"/>
  <testcase name="d1" time="0.006" classname="testng_annotations.Grouping"/>
  <testcase name="c1" time="0.0" classname="testng_annotations.Grouping">
    <ignored/>
  </testcase> <!-- c1 -->
  <testcase name="b1" time="0.0" classname="testng_annotations.Grouping">
    <ignored/>
  </testcase> <!-- b1 -->
  <testcase name="e1" time="0.0" classname="testng_annotations.Grouping">
    <ignored/>
  </testcase> <!-- e1 -->
  <testcase name="f1" time="0.0" classname="testng_annotations.Grouping">
    <ignored/>
  </testcase> <!-- f1 -->
</testsuite> <!-- GRP-High -->
