<?xml version="1.0" encoding="UTF-8"?>
<testng-results skipped="0" failed="0" ignored="5" total="6" passed="1">
  <reporter-output>
  </reporter-output>
  <suite name="Default suite" duration-ms="165" started-at="2022-02-23T02:39:33Z" finished-at="2022-02-23T02:39:34Z">
    <groups>
      <group name="Medium">
        <method signature="Grouping.b1()[pri:0, instance:testng_suites.Grouping@2d2e5f00]" name="b1" class="testng_suites.Grouping"/>
      </group> <!-- Medium -->
    </groups>
    <test name="Default test" duration-ms="165" started-at="2022-02-23T02:39:33Z" finished-at="2022-02-23T02:39:34Z">
      <class name="testng_suites.Grouping">
        <test-method status="PASS" signature="b1()[pri:0, instance:testng_suites.Grouping@2d2e5f00]" name="b1" duration-ms="50" started-at="2022-02-23T08:09:34Z" finished-at="2022-02-23T08:09:34Z">
          <reporter-output>
          </reporter-output>
        </test-method> <!-- b1 -->
      </class> <!-- testng_suites.Grouping -->
    </test> <!-- Default test -->
  </suite> <!-- Default suite -->
</testng-results>
