<?xml version="1.0" encoding="UTF-8"?>
<!-- Generated by org.testng.reporters.JUnitXMLReporter -->
<testsuite hostname="user-PC" ignored="0" name="Test" tests="12" failures="0" timestamp="23 Feb 2022 03:05:39 GMT" time="0.232" errors="0">
  <testcase name="a1" time="0.029" classname="testng_suites.Grouping"/>
  <testcase name="b1" time="0.001" classname="testng_suites.Grouping"/>
  <testcase name="c1" time="0.001" classname="testng_suites.Grouping"/>
  <testcase name="d1" time="0.007" classname="testng_suites.Grouping"/>
  <testcase name="e1" time="0.003" classname="testng_suites.Grouping"/>
  <testcase name="f1" time="0.007" classname="testng_suites.Grouping"/>
  <testcase name="l1" time="0.004" classname="testng_suites.Grouping2"/>
  <testcase name="m1" time="0.001" classname="testng_suites.Grouping2"/>
  <testcase name="n1" time="0.002" classname="testng_suites.Grouping2"/>
  <testcase name="o1" time="0.006" classname="testng_suites.Grouping2"/>
  <testcase name="x1" time="0.009" classname="testng_suites.Grouping2"/>
  <testcase name="z1" time="0.001" classname="testng_suites.Grouping2"/>
</testsuite> <!-- Test -->
